"Start of log file."
"C:/Users/Nick/DOCUME~1/UNITYP~1/ASSIGN~1/Assets/Models/INVERS~1.MAX"
"Starting max loading and fbx conversion"
window = undefined
"Settings units"
"Before fbx export"
"After fbx export"
"Finished max loading and fbx conversion"
"C:/Users/Nick/DOCUME~1/UNITYP~1/ASSIGN~1/Assets/Models/INVERS~1.MAX"
"Starting max loading and fbx conversion"
window = undefined
"Settings units"
"Before fbx export"
"After fbx export"
"Finished max loading and fbx conversion"
"C:/Users/Nick/DOCUME~1/UNITYP~1/ASSIGN~1/Assets/Models/WIN-PL~1.MAX"
"Starting max loading and fbx conversion"
window = undefined
"Settings units"
"Before fbx export"
"After fbx export"
"Finished max loading and fbx conversion"
